<?xml version="1.0" encoding="UTF-8"?>
<!-- Generated by org.testng.reporters.JUnitReportReporter -->
<testsuite hostname="ArunMotoori" failures="0" tests="1" name="tutorialsninja.register.TC_RF_023" time="31.453" errors="0" timestamp="2024-11-29T18:40:29 IST" skipped="0">
  <testcase classname="tutorialsninja.register.TC_RF_023" name="verifyWorkingOfEveryLinkOnRegisterAccountPage" time="31.453"/>
</testsuite> <!-- tutorialsninja.register.TC_RF_023 -->
