<?xml version="1.0" encoding="UTF-8"?>
<!-- Generated by org.testng.reporters.JUnitReportReporter -->
<testsuite hostname="ArunMotoori" failures="0" tests="1" name="tutorialsninja.register.TC_RF_018" time="83.336" errors="0" timestamp="2024-11-12T17:06:40 IST" skipped="0">
  <testcase classname="tutorialsninja.register.TC_RF_018" name="verifyRegisteringAccountFieldsHeightWidthAligment" time="83.336"/>
</testsuite> <!-- tutorialsninja.register.TC_RF_018 -->
