<?xml version="1.0" encoding="UTF-8"?>
<!-- Generated by org.testng.reporters.JUnitReportReporter -->
<testsuite hostname="ArunMotoori" failures="0" tests="1" name="tutorialsninja.register.TC_RF_008" time="10.116" errors="0" timestamp="2024-11-05T13:26:33 IST" skipped="0">
  <testcase classname="tutorialsninja.register.TC_RF_008" name="verifyRegisteringAccountByProvidingMismatchingPasswords" time="10.116"/>
</testsuite> <!-- tutorialsninja.register.TC_RF_008 -->
