<?xml version="1.0" encoding="UTF-8"?>
<!-- Generated by org.testng.reporters.JUnitReportReporter -->
<testsuite hostname="ArunMotoori" failures="0" tests="1" name="tutorialsninja.tests.Register" time="35.985" errors="0" timestamp="2024-12-17T18:54:21 IST" skipped="0">
  <testcase classname="tutorialsninja.tests.Register" name="verifyWorkingOfEveryLinkOnRegisterAccountPage" time="35.985"/>
</testsuite> <!-- tutorialsninja.tests.Register -->
