<?xml version="1.0" encoding="UTF-8"?>
<!-- Generated by org.testng.reporters.JUnitReportReporter -->
<testsuite hostname="ArunMotoori" failures="0" tests="1" name="tutorialsninja.register.TC_RF_003" time="5.813" errors="0" timestamp="2024-11-14T15:53:14 IST" skipped="0">
  <testcase classname="tutorialsninja.register.TC_RF_003" name="verifyRegisterAccountWithAllFields" time="5.813"/>
</testsuite> <!-- tutorialsninja.register.TC_RF_003 -->
