<?xml version="1.0" encoding="UTF-8"?>
<!-- Generated by org.testng.reporters.JUnitReportReporter -->
<testsuite hostname="ArunMotoori" failures="0" tests="1" name="tutorialsninja.register.TC_RF_015" time="5.875" errors="0" timestamp="2024-11-11T17:24:18 IST" skipped="0">
  <testcase classname="tutorialsninja.register.TC_RF_015" name="verifyDataTestingOfRegisteringAccount" time="5.875"/>
</testsuite> <!-- tutorialsninja.register.TC_RF_015 -->
