<?xml version="1.0" encoding="UTF-8"?>
<!-- Generated by org.testng.reporters.JUnitReportReporter -->
<testsuite hostname="ArunMotoori" failures="0" tests="1" name="tutorialsninja.tests.Search" time="22.368" errors="0" timestamp="2024-12-28T18:41:37 IST" skipped="0">
  <testcase classname="tutorialsninja.tests.Search" name="verifySearchFunctionalityUsageByUsingKeyboardKeys" time="22.368"/>
</testsuite> <!-- tutorialsninja.tests.Search -->
