<?xml version="1.0" encoding="UTF-8"?>
<!-- Generated by org.testng.reporters.JUnitReportReporter -->
<testsuite hostname="ArunMotoori" failures="0" tests="1" name="tutorialsninja.tests.Login" time="11.487" errors="0" timestamp="2024-12-25T01:24:50 IST" skipped="0">
  <testcase classname="tutorialsninja.tests.Login" name="verifyLoggingIntoApplicationAfterChaningPassword" time="11.487"/>
</testsuite> <!-- tutorialsninja.tests.Login -->
