<?xml version="1.0" encoding="UTF-8"?>
<!-- Generated by org.testng.reporters.JUnitReportReporter -->
<testsuite hostname="ArunMotoori" failures="0" tests="1" name="tutorialsninja.register.TC_RF_004" time="8.925" errors="0" timestamp="2024-11-04T15:23:33 IST" skipped="0">
  <testcase classname="tutorialsninja.register.TC_RF_004" name="verifyRegistringAccountWithoutFillFields" time="8.925"/>
</testsuite> <!-- tutorialsninja.register.TC_RF_004 -->
