<?xml version="1.0" encoding="UTF-8"?>
<!-- Generated by org.testng.reporters.JUnitReportReporter -->
<testsuite hostname="ArunMotoori" failures="0" tests="9" name="tutorialsninja.tests.Logout" time="66.194" errors="0" timestamp="2024-12-25T04:55:21 IST" skipped="0">
  <testcase classname="tutorialsninja.tests.Logout" name="verifyLoggingOutUsingMyAccountDropMenu" time="7.494"/>
  <testcase classname="tutorialsninja.tests.Logout" name="verifyLoggintOutUsingLogoutRightColumnOption" time="8.232"/>
  <testcase classname="tutorialsninja.tests.Logout" name="verifyLoggingOutAndBrowingBack" time="7.316"/>
  <testcase classname="tutorialsninja.tests.Logout" name="verifyThereIsNoLogoutOptionBeforeLogin" time="6.651"/>
  <testcase classname="tutorialsninja.tests.Logout" name="verifyThereIsNoRightColumnLogoutOptionBeforeLogin" time="7.105"/>
  <testcase classname="tutorialsninja.tests.Logout" name="verifyLoginAfterLogout" time="8.553"/>
  <testcase classname="tutorialsninja.tests.Logout" name="verifyBreadcrumbTitleHeadingAndURLOfAccountLogoutPage" time="6.148"/>
  <testcase classname="tutorialsninja.tests.Logout" name="verifyUIOfLogoutOptionAndAccountLogoutPage" time="7.054"/>
  <testcase classname="tutorialsninja.tests.Logout" name="verifyAccountLogoutFunctionality" time="7.641"/>
</testsuite> <!-- tutorialsninja.tests.Logout -->
