<?xml version="1.0" encoding="UTF-8"?>
<!-- Generated by org.testng.reporters.JUnitReportReporter -->
<testsuite hostname="ArunMotoori" failures="0" tests="1" name="tutorialsninja.register.TC_RF_016" time="9.979" errors="0" timestamp="2024-11-08T17:44:10 IST" skipped="0">
  <testcase classname="tutorialsninja.register.TC_RF_016" name="verifyRegisteringAccountWithOnlySpaces" time="9.979"/>
</testsuite> <!-- tutorialsninja.register.TC_RF_016 -->
