<?xml version="1.0" encoding="UTF-8"?>
<!-- Generated by org.testng.reporters.JUnitReportReporter -->
<testsuite hostname="ArunMotoori" failures="0" tests="1" name="tutorialsninja.register.TC_RF_010" time="10.800" errors="0" timestamp="2024-11-05T19:13:32 IST" skipped="0">
  <testcase classname="tutorialsninja.register.TC_RF_010" name="verifyRegisteringAccountUsingInvalidEmail" time="10.800"/>
</testsuite> <!-- tutorialsninja.register.TC_RF_010 -->
