<?xml version="1.0" encoding="UTF-8"?>
<!-- Generated by org.testng.reporters.JUnitReportReporter -->
<testsuite hostname="ArunMotoori" failures="0" tests="6" name="tutorialsninja.tests.Search" time="27.707" errors="0" timestamp="2024-12-25T01:33:57 IST" skipped="0">
  <testcase classname="tutorialsninja.tests.Search" name="verifySearchWithValidProduct" time="4.301"/>
  <testcase classname="tutorialsninja.tests.Search" name="verifySearchWithNonExistingProduct" time="5.333"/>
  <testcase classname="tutorialsninja.tests.Search" name="verifySearchWithoutEnteringAnyProduct" time="5.400"/>
  <testcase classname="tutorialsninja.tests.Search" name="verifySearchAfterLogin" time="5.768"/>
  <testcase classname="tutorialsninja.tests.Search" name="verifySearchResultingInMultipleProducts" time="2.891"/>
  <testcase classname="tutorialsninja.tests.Search" name="verifySearchFieldsPlaceholders" time="4.014"/>
</testsuite> <!-- tutorialsninja.tests.Search -->
