<?xml version="1.0" encoding="UTF-8"?>
<!-- Generated by org.testng.reporters.JUnitReportReporter -->
<testsuite hostname="ArunMotoori" failures="0" tests="1" name="tutorialsninja.register.TC_RF_003" time="7.478" errors="0" timestamp="2024-10-24T15:55:26 IST" skipped="0">
  <testcase classname="tutorialsninja.register.TC_RF_003" name="verifyRegisterAccountWithAllFields" time="7.478"/>
</testsuite> <!-- tutorialsninja.register.TC_RF_003 -->
