<?xml version="1.0" encoding="UTF-8"?>
<!-- Generated by org.testng.reporters.JUnitReportReporter -->
<testsuite hostname="ArunMotoori" failures="0" tests="1" name="tutorialsninja.tests.Login" time="34.758" errors="0" timestamp="2024-12-17T18:55:08 IST" skipped="0">
  <testcase classname="tutorialsninja.tests.Login" name="verifyNavigatingToDifferentPagesFromLoginPage" time="34.758"/>
</testsuite> <!-- tutorialsninja.tests.Login -->
