<?xml version="1.0" encoding="UTF-8"?>
<!-- Generated by org.testng.reporters.JUnitReportReporter -->
<testsuite hostname="ArunMotoori" failures="0" tests="1" name="tutorialsninja.tests.Search" time="7.113" errors="0" timestamp="2024-12-30T16:16:08 IST" skipped="0">
  <testcase classname="tutorialsninja.tests.Search" name="verifySearchInAllEnviornments" time="7.113"/>
</testsuite> <!-- tutorialsninja.tests.Search -->
