<?xml version="1.0" encoding="UTF-8"?>
<!-- Generated by org.testng.reporters.JUnitReportReporter -->
<testsuite hostname="ArunMotoori" failures="0" tests="9" name="tutorialsninja.tests.Search" time="46.333" errors="0" timestamp="2024-12-25T04:54:06 IST" skipped="0">
  <testcase classname="tutorialsninja.tests.Search" name="verifySearchWithValidProduct" time="4.752"/>
  <testcase classname="tutorialsninja.tests.Search" name="verifySearchWithNonExistingProduct" time="3.107"/>
  <testcase classname="tutorialsninja.tests.Search" name="verifySearchWithoutEnteringAnyProduct" time="3.842"/>
  <testcase classname="tutorialsninja.tests.Search" name="verifySearchAfterLogin" time="6.396"/>
  <testcase classname="tutorialsninja.tests.Search" name="verifySearchResultingInMultipleProducts" time="4.310"/>
  <testcase classname="tutorialsninja.tests.Search" name="verifySearchFieldsPlaceholders" time="5.360"/>
  <testcase classname="tutorialsninja.tests.Search" name="verifySearchingForProductUsingSearchCriteriaField" time="5.581"/>
  <testcase classname="tutorialsninja.tests.Search" name="verifySearchingForProductUsingSomeTextInProductDescription" time="7.744"/>
  <testcase classname="tutorialsninja.tests.Search" name="verifySearchBySelectingSubCategory" time="5.241"/>
</testsuite> <!-- tutorialsninja.tests.Search -->
