<?xml version="1.0" encoding="UTF-8"?>
<!-- Generated by org.testng.reporters.JUnitReportReporter -->
<testsuite hostname="ArunMotoori" failures="0" tests="9" name="tutorialsninja.tests.Logout" time="61.748" errors="0" timestamp="2024-12-25T01:16:18 IST" skipped="0">
  <testcase classname="tutorialsninja.tests.Logout" name="verifyLoggingOutUsingMyAccountDropMenu" time="6.788"/>
  <testcase classname="tutorialsninja.tests.Logout" name="verifyLoggintOutUsingLogoutRightColumnOption" time="6.887"/>
  <testcase classname="tutorialsninja.tests.Logout" name="verifyLoggingOutAndBrowingBack" time="6.586"/>
  <testcase classname="tutorialsninja.tests.Logout" name="verifyThereIsNoLogoutOptionBeforeLogin" time="6.334"/>
  <testcase classname="tutorialsninja.tests.Logout" name="verifyThereIsNoRightColumnLogoutOptionBeforeLogin" time="8.742"/>
  <testcase classname="tutorialsninja.tests.Logout" name="verifyLoginAfterLogout" time="7.914"/>
  <testcase classname="tutorialsninja.tests.Logout" name="verifyBreadcrumbTitleHeadingAndURLOfAccountLogoutPage" time="4.889"/>
  <testcase classname="tutorialsninja.tests.Logout" name="verifyUIOfLogoutOptionAndAccountLogoutPage" time="6.985"/>
  <testcase classname="tutorialsninja.tests.Logout" name="verifyAccountLogoutFunctionality" time="6.623"/>
</testsuite> <!-- tutorialsninja.tests.Logout -->
