<?xml version="1.0" encoding="UTF-8"?>
<!-- Generated by org.testng.reporters.JUnitReportReporter -->
<testsuite hostname="ArunMotoori" failures="0" tests="1" name="tutorialsninja.register.TC_RF_020" time="7.157" errors="0" timestamp="2024-11-18T06:59:26 IST" skipped="0">
  <testcase classname="tutorialsninja.register.TC_RF_020" name="verifyPrivacyPolicyFieldOnRegisterAccountPage" time="7.157"/>
</testsuite> <!-- tutorialsninja.register.TC_RF_020 -->
