<?xml version="1.0" encoding="UTF-8"?>
<!-- Generated by org.testng.reporters.JUnitReportReporter -->
<testsuite hostname="ArunMotoori" failures="0" tests="1" name="tutorialsninja.register.TC_RF_021" time="6.698" errors="0" timestamp="2024-11-18T07:08:38 IST" skipped="0">
  <testcase classname="tutorialsninja.register.TC_RF_021" name="verifyRegisteringAccountWithoutPrivacyPolicySelection" time="6.698"/>
</testsuite> <!-- tutorialsninja.register.TC_RF_021 -->
