<?xml version="1.0" encoding="UTF-8"?>
<!-- Generated by org.testng.reporters.JUnitReportReporter -->
<testsuite hostname="ArunMotoori" failures="0" tests="3" name="tutorialsninja.register.TC_RF_027" time="33.785" errors="0" timestamp="2024-12-06T18:59:50 IST" skipped="0">
  <testcase classname="tutorialsninja.register.TC_RF_027" name="verifyRegisteringAccountInDifferentTestEnvironments" time="15.396"/>
  <testcase classname="tutorialsninja.register.TC_RF_027" name="verifyRegisteringAccountInDifferentTestEnvironments" time="7.408"/>
  <testcase classname="tutorialsninja.register.TC_RF_027" name="verifyRegisteringAccountInDifferentTestEnvironments" time="10.981"/>
</testsuite> <!-- tutorialsninja.register.TC_RF_027 -->
