<?xml version="1.0" encoding="UTF-8"?>
<!-- Generated by org.testng.reporters.JUnitReportReporter -->
<testsuite hostname="ArunMotoori" failures="0" tests="1" name="tutorialsninja.register.TC_RF_024" time="9.630" errors="0" timestamp="2024-12-02T16:46:35 IST" skipped="0">
  <testcase classname="tutorialsninja.register.TC_RF_024" name="verifyRegisteringAccountWithoutEnteringPasswordIntoPasswordConfirmField" time="9.630"/>
</testsuite> <!-- tutorialsninja.register.TC_RF_024 -->
