<?xml version="1.0" encoding="UTF-8"?>
<!-- Generated by org.testng.reporters.JUnitReportReporter -->
<testsuite hostname="ArunMotoori" failures="0" tests="1" name="tutorialsninja.register.TC_RF_006" time="7.667" errors="0" timestamp="2024-11-04T18:19:08 IST" skipped="0">
  <testcase classname="tutorialsninja.register.TC_RF_006" name="verifyRegisteringAccountBySayingNoToNewsletter" time="7.667"/>
</testsuite> <!-- tutorialsninja.register.TC_RF_006 -->
