<?xml version="1.0" encoding="UTF-8"?>
<!-- Generated by org.testng.reporters.JUnitReportReporter -->
<testsuite hostname="ArunMotoori" failures="0" tests="1" name="tutorialsninja.register.TC_RF_025" time="13.527" errors="0" timestamp="2024-12-06T14:11:33 IST" skipped="0">
  <testcase classname="tutorialsninja.register.TC_RF_025" name="verifyBreadcrumbURLHeadingTitleOfRegisterAccountPage" time="13.527"/>
</testsuite> <!-- tutorialsninja.register.TC_RF_025 -->
